A D/bitmap_button////
A D/button////
A D/calendar_ctrl////
A D/checkbox////
A D/choice////
A D/combo_box////
A D/custom_widget////
A D/datepicker_ctrl////
A D/dialog////
A D/frame////
A D/gauge////
A D/grid////
A D/list_box////
A D/list_ctrl////
A D/menubar////
A D/notebook////
A D/panel////
A D/radio_box////
A D/radio_button////
A D/slider////
A D/spacer////
A D/spin_button////
A D/spin_ctrl////
A D/splitter_window////
A D/static_bitmap////
A D/static_line////
A D/static_text////
A D/text_ctrl////
A D/toggle_button////
A D/toolbar////
A D/tree_ctrl////
